2021-11-23 13:28:34.562  INFO 190475 --- [main] c.h.a.c.CustomScannersServiceApplication : Starting CustomScannersServiceApplication on hackcode with PID 190475 (/home/cibera/.vscode/extensions/hcltechnologies.hclappscancodesweep-1.1.4/lib/custom-scanners-service-1.0.11.jar started by cibera in /home/cibera/Desktop/uct-website)
2021-11-23 13:28:34.574  INFO 190475 --- [main] c.h.a.c.CustomScannersServiceApplication : No active profile set, falling back to default profiles: default
2021-11-23 13:28:40.150  INFO 190475 --- [main] o.s.b.w.embedded.tomcat.TomcatWebServer  : Tomcat initialized with port(s): 9221 (http)
2021-11-23 13:28:40.186  INFO 190475 --- [main] o.apache.catalina.core.StandardService   : Starting service [Tomcat]
2021-11-23 13:28:40.187  INFO 190475 --- [main] org.apache.catalina.core.StandardEngine  : Starting Servlet engine: [Apache Tomcat/9.0.29]
2021-11-23 13:28:40.355  INFO 190475 --- [main] o.a.c.c.C.[Tomcat].[localhost].[/]       : Initializing Spring embedded WebApplicationContext
2021-11-23 13:28:40.356 DEBUG 190475 --- [main] o.s.web.context.ContextLoader            : Published root WebApplicationContext as ServletContext attribute with name [org.springframework.web.context.WebApplicationContext.ROOT]
2021-11-23 13:28:40.357  INFO 190475 --- [main] o.s.web.context.ContextLoader            : Root WebApplicationContext: initialization completed in 5539 ms
2021-11-23 13:28:40.796 DEBUG 190475 --- [main] o.s.b.w.s.ServletContextInitializerBeans : Mapping filters: filterRegistrationBean urls=[/*] order=-2147483647, characterEncodingFilter urls=[/*] order=-2147483648, formContentFilter urls=[/*] order=-9900, requestContextFilter urls=[/*] order=-105
2021-11-23 13:28:40.798 DEBUG 190475 --- [main] o.s.b.w.s.ServletContextInitializerBeans : Mapping servlets: dispatcherServlet urls=[/]
2021-11-23 13:28:45.394 DEBUG 190475 --- [main] s.w.s.m.m.a.RequestMappingHandlerMapping : 19 mappings in 'requestMappingHandlerMapping'
2021-11-23 13:28:45.558  INFO 190475 --- [main] o.s.b.a.e.web.EndpointLinksResolver      : Exposing 2 endpoint(s) beneath base path '/actuator'
2021-11-23 13:28:45.862  INFO 190475 --- [main] pertySourcedRequestMappingHandlerMapping : Mapped URL path [/v2/api-docs] onto method [springfox.documentation.swagger2.web.Swagger2Controller#getDocumentation(String, HttpServletRequest)]
2021-11-23 13:28:46.150  INFO 190475 --- [main] o.s.s.concurrent.ThreadPoolTaskExecutor  : Initializing ExecutorService 'applicationTaskExecutor'
2021-11-23 13:28:46.215 DEBUG 190475 --- [main] s.w.s.m.m.a.RequestMappingHandlerAdapter : ControllerAdvice beans: 0 @ModelAttribute, 0 @InitBinder, 1 RequestBodyAdvice, 1 ResponseBodyAdvice
2021-11-23 13:28:46.565 DEBUG 190475 --- [main] o.s.w.s.handler.SimpleUrlHandlerMapping  : Patterns [/webjars/**, /**] in 'resourceHandlerMapping'
2021-11-23 13:28:46.591 DEBUG 190475 --- [main] .m.m.a.ExceptionHandlerExceptionResolver : ControllerAdvice beans: 1 @ExceptionHandler, 1 ResponseBodyAdvice
2021-11-23 13:28:46.756  INFO 190475 --- [main] d.s.w.p.DocumentationPluginsBootstrapper : Context refreshed
2021-11-23 13:28:46.818  INFO 190475 --- [main] d.s.w.p.DocumentationPluginsBootstrapper : Found 1 custom documentation plugin(s)
2021-11-23 13:28:46.938  INFO 190475 --- [main] s.d.s.w.s.ApiListingReferenceScanner     : Scanning for api listing references
2021-11-23 13:28:47.860  INFO 190475 --- [main] o.s.b.w.embedded.tomcat.TomcatWebServer  : Tomcat started on port(s): 9221 (http) with context path ''
2021-11-23 13:28:47.873  INFO 190475 --- [main] c.h.a.c.CustomScannersServiceApplication : Started CustomScannersServiceApplication in 15.287 seconds (JVM running for 18.408)
2021-11-23 13:28:48.145  INFO 190475 --- [http-nio-9221-exec-1] o.a.c.c.C.[Tomcat].[localhost].[/]       : Initializing Spring DispatcherServlet 'dispatcherServlet'
2021-11-23 13:28:48.148  INFO 190475 --- [http-nio-9221-exec-1] o.s.web.servlet.DispatcherServlet        : Initializing Servlet 'dispatcherServlet'
2021-11-23 13:28:48.148 DEBUG 190475 --- [http-nio-9221-exec-1] o.s.web.servlet.DispatcherServlet        : Detected StandardServletMultipartResolver
2021-11-23 13:28:48.174 DEBUG 190475 --- [http-nio-9221-exec-1] o.s.web.servlet.DispatcherServlet        : enableLoggingRequestDetails='false': request parameters and headers will be masked to prevent unsafe logging of potentially sensitive data
2021-11-23 13:28:48.176  INFO 190475 --- [http-nio-9221-exec-1] o.s.web.servlet.DispatcherServlet        : Completed initialization in 27 ms
2021-11-23 13:28:48.207 DEBUG 190475 --- [http-nio-9221-exec-1] o.s.web.servlet.DispatcherServlet        : GET "/v1/scanRules", parameters={}
2021-11-23 13:28:48.226 DEBUG 190475 --- [http-nio-9221-exec-1] s.w.s.m.m.a.RequestMappingHandlerMapping : Mapped to com.hcl.appscan.customscannersservice.controller.CustomScannersController#getScanRules(String[])
2021-11-23 13:28:48.283 DEBUG 190475 --- [http-nio-9221-exec-1] o.s.w.s.m.m.a.HttpEntityMethodProcessor  : Using 'application/json', given [application/json] and supported [application/json]
2021-11-23 13:28:48.303 DEBUG 190475 --- [http-nio-9221-exec-1] o.s.w.s.m.m.a.HttpEntityMethodProcessor  : Writing [{Golang={com.ouncelabs.languagelite.golang.rules.WeakCryptoGolang=CustomScannersServiceScanRule{rule (truncated)...]
2021-11-23 13:28:48.408 DEBUG 190475 --- [http-nio-9221-exec-1] o.s.web.servlet.DispatcherServlet        : Completed 200 OK
2021-11-23 13:30:24.961 DEBUG 190475 --- [http-nio-9221-exec-3] o.s.web.servlet.DispatcherServlet        : POST "/v1/scanFile", parameters={masked}
2021-11-23 13:30:24.975 DEBUG 190475 --- [http-nio-9221-exec-3] s.w.s.m.m.a.RequestMappingHandlerMapping : Mapped to com.hcl.appscan.customscannersservice.controller.CustomScannersController#runScanFile(MultipartFile, String, int[])
2021-11-23 13:30:25.085 DEBUG 190475 --- [http-nio-9221-exec-3] o.s.w.s.m.m.a.HttpEntityMethodProcessor  : Using 'application/json', given [application/json] and supported [application/json]
2021-11-23 13:30:25.090 DEBUG 190475 --- [http-nio-9221-exec-3] o.s.w.s.m.m.a.HttpEntityMethodProcessor  : Writing [CustomScannerServiceResult{findings=[], articles={}}]
2021-11-23 13:30:25.096 DEBUG 190475 --- [http-nio-9221-exec-3] o.s.web.servlet.DispatcherServlet        : Completed 200 OK
2021-11-23 13:30:51.140 DEBUG 190475 --- [http-nio-9221-exec-4] o.s.web.servlet.DispatcherServlet        : POST "/v1/scanFile", parameters={masked}
2021-11-23 13:30:51.148 DEBUG 190475 --- [http-nio-9221-exec-4] s.w.s.m.m.a.RequestMappingHandlerMapping : Mapped to com.hcl.appscan.customscannersservice.controller.CustomScannersController#runScanFile(MultipartFile, String, int[])
2021-11-23 13:30:51.169 DEBUG 190475 --- [http-nio-9221-exec-4] .m.m.a.ExceptionHandlerExceptionResolver : Using @ExceptionHandler com.hcl.appscan.customscannersservice.controller.CustomScannersControllerAdvice#handleInvalidArgument(IllegalArgumentException)
2021-11-23 13:30:51.178 DEBUG 190475 --- [http-nio-9221-exec-4] o.s.w.s.m.m.a.HttpEntityMethodProcessor  : Using 'application/json', given [application/json] and supported [application/json, application/*+json, application/json, application/*+json]
2021-11-23 13:30:51.179 DEBUG 190475 --- [http-nio-9221-exec-4] o.s.w.s.m.m.a.HttpEntityMethodProcessor  : Writing [com.hcl.appscan.customscannersservice.controller.CustomScannersControllerAdvice$ErrorMessage@96dea0c]
2021-11-23 13:30:51.185 DEBUG 190475 --- [http-nio-9221-exec-4] .m.m.a.ExceptionHandlerExceptionResolver : Resolved [java.lang.IllegalArgumentException: The following file type is not supported: css]
2021-11-23 13:30:51.186 DEBUG 190475 --- [http-nio-9221-exec-4] o.s.web.servlet.DispatcherServlet        : Completed 422 UNPROCESSABLE_ENTITY
